<?xml version="1.0" encoding="UTF-8"?>
<!-- Generated by org.testng.reporters.JUnitXMLReporter -->
<testsuite ignored="0" hostname="STDEV035" failures="0" tests="3" name="Cross_Journey" time="34.334" errors="0" timestamp="30 Mar 2023 07:36:23 GMT">
  <testcase classname="com.crossjourney.testcases.LoginPageTest" name="testIcon" time="0.118"/>
  <testcase classname="com.crossjourney.testcases.LoginPageTest" name="verifyLoginLabel" time="0.06"/>
  <testcase classname="com.crossjourney.testcases.LoginPageTest" name="verifyPageTitle" time="0.01"/>
</testsuite> <!-- Cross_Journey -->
