<?xml version="1.0" encoding="UTF-8"?>
<!-- Generated by org.testng.reporters.JUnitXMLReporter -->
<testsuite ignored="0" hostname="STDEV035" failures="0" tests="3" name="HomepageTest" time="18.375" errors="0" timestamp="30 Mar 2023 07:38:29 GMT">
  <testcase classname="com.crossjourney.testcases.HomePageTest" name="verifyHomePageLabel" time="0.118"/>
  <testcase classname="com.crossjourney.testcases.HomePageTest" name="verifySettingIconOnHomePage" time="0.123"/>
  <testcase classname="com.crossjourney.testcases.HomePageTest" name="VerifyOptionPresentUnderUserIcon" time="0.44"/>
</testsuite> <!-- HomepageTest -->
