<?xml version="1.0" encoding="UTF-8"?>
<testng-results ignored="0" total="3" passed="3" failed="0" skipped="0">
  <reporter-output>
  </reporter-output>
  <suite started-at="2023-03-30T07:38:10Z" name="HomePage" finished-at="2023-03-30T07:38:29Z" duration-ms="18375">
    <groups>
    </groups>
    <test started-at="2023-03-30T07:38:10Z" name="HomepageTest" finished-at="2023-03-30T07:38:29Z" duration-ms="18375">
      <class name="com.crossjourney.testcases.HomePageTest">
        <test-method is-config="true" signature="setUp()[pri:0, instance:com.crossjourney.testcases.HomePageTest@79924b]" started-at="2023-03-30T07:38:10Z" name="setUp" finished-at="2023-03-30T07:38:28Z" duration-ms="17418" status="PASS">
          <reporter-output>
          </reporter-output>
        </test-method> <!-- setUp -->
        <test-method signature="verifyHomePageLabel()[pri:1, instance:com.crossjourney.testcases.HomePageTest@79924b]" started-at="2023-03-30T07:38:28Z" name="verifyHomePageLabel" finished-at="2023-03-30T07:38:28Z" duration-ms="118" status="PASS">
          <reporter-output>
          </reporter-output>
        </test-method> <!-- verifyHomePageLabel -->
        <test-method signature="verifySettingIconOnHomePage()[pri:2, instance:com.crossjourney.testcases.HomePageTest@79924b]" started-at="2023-03-30T07:38:28Z" name="verifySettingIconOnHomePage" finished-at="2023-03-30T07:38:28Z" duration-ms="123" status="PASS">
          <reporter-output>
          </reporter-output>
        </test-method> <!-- verifySettingIconOnHomePage -->
        <test-method signature="VerifyOptionPresentUnderUserIcon()[pri:3, instance:com.crossjourney.testcases.HomePageTest@79924b]" started-at="2023-03-30T07:38:28Z" name="VerifyOptionPresentUnderUserIcon" finished-at="2023-03-30T07:38:28Z" duration-ms="440" status="PASS">
          <reporter-output>
          </reporter-output>
        </test-method> <!-- VerifyOptionPresentUnderUserIcon -->
        <test-method is-config="true" signature="tearDown()[pri:0, instance:com.crossjourney.testcases.HomePageTest@79924b]" started-at="2023-03-30T07:38:28Z" name="tearDown" finished-at="2023-03-30T07:38:29Z" duration-ms="233" status="PASS">
          <reporter-output>
          </reporter-output>
        </test-method> <!-- tearDown -->
      </class> <!-- com.crossjourney.testcases.HomePageTest -->
    </test> <!-- HomepageTest -->
  </suite> <!-- HomePage -->
</testng-results>
